<?xml version="1.0" encoding="UTF-8" ?><testsuite errors="0" name="jasmine.specs" tests="6" failures="0" skipped="0" hostname="localhost" time="0.0" timestamp="2012-03-16T17:24:00"><testcase classname="jasmine" name="the ElementMover object instantiation throws an exception if you forget &quot;new&quot;" time="0.0" failure="false"/><testcase classname="jasmine" name="the ElementMover object moving around two divs initially sees that div1 is above div2" time="0.0" failure="false"/><testcase classname="jasmine" name="the ElementMover object moving around two divs moves div1 after div2" time="0.0" failure="false"/><testcase classname="jasmine" name="the ElementMover object moving around two divs moves div2 before div1" time="0.0" failure="false"/><testcase classname="jasmine" name="the ElementMover object moving around two divs adding a third div to the mix moves div1 betwixt div2 &amp; div3" time="0.0" failure="false"/><testcase classname="jasmine" name="the ElementMover object moving around two divs adding a third div to the mix moves div3 before div1" time="0.0" failure="false"/></testsuite>